c:\users\iwona\downloads\idk\simplemod\src\tier1\release\lzmadec.obj
c:\users\iwona\downloads\idk\simplemod\src\tier1\release\convar.obj
c:\users\iwona\downloads\idk\simplemod\src\tier1\release\keyvalues.obj
c:\users\iwona\downloads\idk\simplemod\src\tier1\release\reliabletimer.obj
c:\users\iwona\downloads\idk\simplemod\src\tier1\release\utlbinaryblock.obj
c:\users\iwona\downloads\idk\simplemod\src\tier1\release\checksum_sha1.obj
c:\users\iwona\downloads\idk\simplemod\src\tier1\release\ilocalize.obj
c:\users\iwona\downloads\idk\simplemod\src\tier1\release\rangecheckedvar.obj
c:\users\iwona\downloads\idk\simplemod\src\tier1\release\strtools_unicode.obj
c:\users\iwona\downloads\idk\simplemod\src\tier1\release\uniqueid.obj
c:\users\iwona\downloads\idk\simplemod\src\tier1\release\checksum_md5.obj
c:\users\iwona\downloads\idk\simplemod\src\tier1\release\memstack.obj
c:\users\iwona\downloads\idk\simplemod\src\tier1\release\snappy.obj
c:\users\iwona\downloads\idk\simplemod\src\tier1\release\utlbuffer.obj
c:\users\iwona\downloads\idk\simplemod\src\tier1\release\checksum_crc.obj
c:\users\iwona\downloads\idk\simplemod\src\tier1\release\interface.obj
c:\users\iwona\downloads\idk\simplemod\src\tier1\release\snappy-sinksource.obj
c:\users\iwona\downloads\idk\simplemod\src\tier1\release\stringpool.obj
c:\users\iwona\downloads\idk\simplemod\src\tier1\release\utlbufferutil.obj
c:\users\iwona\downloads\idk\simplemod\src\tier1\release\bitbuf.obj
c:\users\iwona\downloads\idk\simplemod\src\tier1\release\diff.obj
c:\users\iwona\downloads\idk\simplemod\src\tier1\release\kvpacker.obj
c:\users\iwona\downloads\idk\simplemod\src\tier1\release\sparsematrix.obj
c:\users\iwona\downloads\idk\simplemod\src\tier1\release\tokenreader.obj
c:\users\iwona\downloads\idk\simplemod\src\tier1\release\utlstring.obj
c:\users\iwona\downloads\idk\simplemod\src\tier1\release\commandbuffer.obj
c:\users\iwona\downloads\idk\simplemod\src\tier1\release\lzmadecoder.obj
c:\users\iwona\downloads\idk\simplemod\src\tier1\release\newbitbuf.obj
c:\users\iwona\downloads\idk\simplemod\src\tier1\release\splitstring.obj
c:\users\iwona\downloads\idk\simplemod\src\tier1\release\utlsymbol.obj
c:\users\iwona\downloads\idk\simplemod\src\tier1\release\byteswap.obj
c:\users\iwona\downloads\idk\simplemod\src\tier1\release\generichash.obj
c:\users\iwona\downloads\idk\simplemod\src\tier1\release\netadr.obj
c:\users\iwona\downloads\idk\simplemod\src\tier1\release\strtools.obj
c:\users\iwona\downloads\idk\simplemod\src\tier1\release\characterset.obj
c:\users\iwona\downloads\idk\simplemod\src\tier1\release\datamanager.obj
c:\users\iwona\downloads\idk\simplemod\src\tier1\release\mempool.obj
c:\users\iwona\downloads\idk\simplemod\src\tier1\release\snappy-stubs-internal.obj
c:\users\iwona\downloads\idk\simplemod\src\tier1\release\tier1.obj
c:\users\iwona\downloads\idk\simplemod\src\tier1\release\processor_detect.obj
c:\users\iwona\downloads\idk\simplemod\src\tier1\tier1.vpc.sentinel
c:\users\iwona\downloads\idk\simplemod\src\lib\public\tier1.lib
c:\users\iwona\downloads\idk\simplemod\src\tier1\..\lib\public\.\tier1.lib
c:\users\iwona\downloads\idk\simplemod\src\tier1\release\tier1.tlog\cl.command.1.tlog
c:\users\iwona\downloads\idk\simplemod\src\tier1\release\tier1.tlog\cl.read.1.tlog
c:\users\iwona\downloads\idk\simplemod\src\tier1\release\tier1.tlog\cl.write.1.tlog
c:\users\iwona\downloads\idk\simplemod\src\tier1\release\tier1.tlog\custombuild.command.1.tlog
c:\users\iwona\downloads\idk\simplemod\src\tier1\release\tier1.tlog\custombuild.read.1.tlog
c:\users\iwona\downloads\idk\simplemod\src\tier1\release\tier1.tlog\custombuild.write.1.tlog
c:\users\iwona\downloads\idk\simplemod\src\tier1\release\tier1.tlog\lib-link.read.1.tlog
c:\users\iwona\downloads\idk\simplemod\src\tier1\release\tier1.tlog\lib-link.write.1.tlog
c:\users\iwona\downloads\idk\simplemod\src\tier1\release\tier1.tlog\lib.command.1.tlog
